myDimoda/build/outputs/logs/manifest-merger-debug-report.txt
-- Merging decision tree log ---
manifest
ADDED from src\main\AndroidManifest.xml:2:1-274:12
	package
		ADDED from src\main\AndroidManifest.xml:4:5-27
		INJECTED from src\main\AndroidManifest.xml
		INJECTED from src\main\AndroidManifest.xml
	android:versionName
		ADDED from src\main\AndroidManifest.xml:6:5-32
		INJECTED from src\main\AndroidManifest.xml
		INJECTED from src\main\AndroidManifest.xml
	xmlns:tools
		ADDED from src\main\AndroidManifest.xml:3:5-51
	android:versionCode
		ADDED from src\main\AndroidManifest.xml:5:5-29
		INJECTED from src\main\AndroidManifest.xml
		INJECTED from src\main\AndroidManifest.xml
	xmlns:android
		ADDED from src\main\AndroidManifest.xml:2:11-69
uses-sdk
ADDED from src\main\AndroidManifest.xml:8:5-10:41
MERGED from [com.parse:parsefacebookutils-v4-android:1.10.4] AndroidManifest.xml:16:5-18:41
MERGED from [com.android.support:support-v4:22.2.1] AndroidManifest.xml:20:5-43
MERGED from [com.android.support:appcompat-v7:22.1.0] AndroidManifest.xml:20:5-43
MERGED from [com.android.support:support-v4:22.2.1] AndroidManifest.xml:20:5-43
MERGED from [com.android.support:recyclerview-v7:22.2.1] AndroidManifest.xml:20:5-43
MERGED from [com.android.support:support-v4:22.2.1] AndroidManifest.xml:20:5-43
MERGED from [com.crashlytics.sdk.android:crashlytics:2.5.5] AndroidManifest.xml:7:5-43
MERGED from [com.crashlytics.sdk.android:answers:1.3.6] AndroidManifest.xml:7:5-43
MERGED from [io.fabric.sdk.android:fabric:1.3.10] AndroidManifest.xml:23:5-43
MERGED from [com.crashlytics.sdk.android:crashlytics-core:2.3.8] AndroidManifest.xml:7:5-43
MERGED from [com.crashlytics.sdk.android:answers:1.3.6] AndroidManifest.xml:7:5-43
MERGED from [io.fabric.sdk.android:fabric:1.3.10] AndroidManifest.xml:23:5-43
MERGED from [io.fabric.sdk.android:fabric:1.3.10] AndroidManifest.xml:23:5-43
MERGED from [io.fabric.sdk.android:fabric:1.3.10] AndroidManifest.xml:23:5-43
MERGED from [com.crashlytics.sdk.android:beta:1.1.4] AndroidManifest.xml:7:5-43
MERGED from [com.facebook.android:facebook-android-sdk:4.8.0] AndroidManifest.xml:24:5-26:41
MERGED from [com.android.support:multidex:1.0.1] AndroidManifest.xml:18:5-42
MERGED from [mydimodagit:pullSDK:unspecified] AndroidManifest.xml:7:5-9:40
	android:targetSdkVersion
		ADDED from src\main\AndroidManifest.xml:10:9-38
		INJECTED from src\main\AndroidManifest.xml
		INJECTED from src\main\AndroidManifest.xml
	android:minSdkVersion
		ADDED from src\main\AndroidManifest.xml:9:9-35
		INJECTED from src\main\AndroidManifest.xml
		INJECTED from src\main\AndroidManifest.xml
uses-permission#android.permission.WAKE_LOCK
ADDED from src\main\AndroidManifest.xml:12:5-68
	android:name
		ADDED from src\main\AndroidManifest.xml:12:22-65
uses-permission#android.permission.RECEIVE_BOOT_COMPLETED
ADDED from src\main\AndroidManifest.xml:13:5-81
	android:name
		ADDED from src\main\AndroidManifest.xml:13:22-78
uses-permission#com.android.vending.BILLING
ADDED from src\main\AndroidManifest.xml:14:5-67
	android:name
		ADDED from src\main\AndroidManifest.xml:14:22-64
uses-permission#android.permission.INTERNET
ADDED from src\main\AndroidManifest.xml:15:5-67
MERGED from [com.crashlytics.sdk.android:crashlytics:2.5.5] AndroidManifest.xml:9:5-67
MERGED from [com.crashlytics.sdk.android:answers:1.3.6] AndroidManifest.xml:9:5-67
MERGED from [io.fabric.sdk.android:fabric:1.3.10] AndroidManifest.xml:25:5-67
MERGED from [com.crashlytics.sdk.android:crashlytics-core:2.3.8] AndroidManifest.xml:9:5-67
MERGED from [com.crashlytics.sdk.android:answers:1.3.6] AndroidManifest.xml:9:5-67
MERGED from [io.fabric.sdk.android:fabric:1.3.10] AndroidManifest.xml:25:5-67
MERGED from [io.fabric.sdk.android:fabric:1.3.10] AndroidManifest.xml:25:5-67
MERGED from [io.fabric.sdk.android:fabric:1.3.10] AndroidManifest.xml:25:5-67
MERGED from [com.crashlytics.sdk.android:beta:1.1.4] AndroidManifest.xml:9:5-67
	android:name
		ADDED from src\main\AndroidManifest.xml:15:22-64
uses-permission#android.permission.CAMERA
ADDED from src\main\AndroidManifest.xml:16:5-65
	android:name
		ADDED from src\main\AndroidManifest.xml:16:22-62
uses-permission#android.permission.ACCESS_NETWORK_STATE
ADDED from src\main\AndroidManifest.xml:17:5-79
	android:name
		ADDED from src\main\AndroidManifest.xml:17:22-76
uses-permission#android.permission.WRITE_EXTERNAL_STORAGE
ADDED from src\main\AndroidManifest.xml:18:5-81
	android:name
		ADDED from src\main\AndroidManifest.xml:18:22-78
uses-feature#android.hardware.camera
ADDED from src\main\AndroidManifest.xml:20:5-60
	android:name
		ADDED from src\main\AndroidManifest.xml:20:19-57
uses-feature#android.hardware.camera.autofocus
ADDED from src\main\AndroidManifest.xml:21:5-70
	android:name
		ADDED from src\main\AndroidManifest.xml:21:19-67
used-feature
ADDED from src\main\AndroidManifest.xml:23:5-62
	android:name
		ADDED from src\main\AndroidManifest.xml:23:19-59
application
ADDED from src\main\AndroidManifest.xml:26:5-272:19
MERGED from [com.parse:parsefacebookutils-v4-android:1.10.4] AndroidManifest.xml:20:5-20
MERGED from [com.android.support:support-v4:22.2.1] AndroidManifest.xml:22:5-20
MERGED from [com.android.support:appcompat-v7:22.1.0] AndroidManifest.xml:22:5-20
MERGED from [com.android.support:support-v4:22.2.1] AndroidManifest.xml:22:5-20
MERGED from [com.android.support:support-v4:22.2.1] AndroidManifest.xml:22:5-20
MERGED from [com.crashlytics.sdk.android:crashlytics:2.5.5] AndroidManifest.xml:11:5-20
MERGED from [com.crashlytics.sdk.android:answers:1.3.6] AndroidManifest.xml:11:5-20
MERGED from [io.fabric.sdk.android:fabric:1.3.10] AndroidManifest.xml:27:5-20
MERGED from [com.crashlytics.sdk.android:crashlytics-core:2.3.8] AndroidManifest.xml:11:5-20
MERGED from [com.crashlytics.sdk.android:answers:1.3.6] AndroidManifest.xml:11:5-20
MERGED from [io.fabric.sdk.android:fabric:1.3.10] AndroidManifest.xml:27:5-20
MERGED from [io.fabric.sdk.android:fabric:1.3.10] AndroidManifest.xml:27:5-20
MERGED from [io.fabric.sdk.android:fabric:1.3.10] AndroidManifest.xml:27:5-20
MERGED from [com.crashlytics.sdk.android:beta:1.1.4] AndroidManifest.xml:11:5-20
MERGED from [com.facebook.android:facebook-android-sdk:4.8.0] AndroidManifest.xml:28:5-20
MERGED from [mydimodagit:pullSDK:unspecified] AndroidManifest.xml:11:5-20
	android:label
		ADDED from src\main\AndroidManifest.xml:30:9-41
	android:allowBackup
		ADDED from src\main\AndroidManifest.xml:28:9-35
	android:icon
		ADDED from src\main\AndroidManifest.xml:29:9-45
	android:largeHeap
		ADDED from src\main\AndroidManifest.xml:31:9-33
	android:theme
		ADDED from src\main\AndroidManifest.xml:32:9-40
	android:name
		ADDED from src\main\AndroidManifest.xml:27:9-53
receiver#com.mydimoda.AlarmReciever
ADDED from src\main\AndroidManifest.xml:33:9-37:20
	android:name
		ADDED from src\main\AndroidManifest.xml:33:19-60
intent-filter#com.mydimoda.DMFashionActivity
ADDED from src\main\AndroidManifest.xml:34:13-36:29
action#com.mydimoda.DMFashionActivity
ADDED from src\main\AndroidManifest.xml:35:17-82
	android:name
		ADDED from src\main\AndroidManifest.xml:35:25-70
receiver#com.mydimoda.AlarmReciever_7hour
ADDED from src\main\AndroidManifest.xml:39:9-43:20
	android:name
		ADDED from src\main\AndroidManifest.xml:39:19-66
intent-filter#com.mydimoda.DM_FashionActivity_7Hour
ADDED from src\main\AndroidManifest.xml:40:13-42:29
action#com.mydimoda.DM_FashionActivity_7Hour
ADDED from src\main\AndroidManifest.xml:41:17-88
	android:name
		ADDED from src\main\AndroidManifest.xml:41:25-77
service#com.mydimoda.ServiceHelper
ADDED from src\main\AndroidManifest.xml:45:9-47:44
	android:stopWithTask
		ADDED from src\main\AndroidManifest.xml:47:13-41
	android:name
		ADDED from src\main\AndroidManifest.xml:46:13-54
receiver#com.mydimoda.DateChangeReceiver
ADDED from src\main\AndroidManifest.xml:49:9-53:20
	android:name
		ADDED from src\main\AndroidManifest.xml:49:19-65
intent-filter#android.intent.action.TIME_SET
ADDED from src\main\AndroidManifest.xml:50:13-52:29
action#android.intent.action.TIME_SET
ADDED from src\main\AndroidManifest.xml:51:17-73
	android:name
		ADDED from src\main\AndroidManifest.xml:51:25-70
activity#com.mydimoda.DMMainActivity
ADDED from src\main\AndroidManifest.xml:55:9-65:20
	android:screenOrientation
		ADDED from src\main\AndroidManifest.xml:58:13-49
	android:label
		ADDED from src\main\AndroidManifest.xml:57:13-45
	android:theme
		ADDED from src\main\AndroidManifest.xml:59:13-60
	android:name
		ADDED from src\main\AndroidManifest.xml:56:13-55
intent-filter#android.intent.action.MAIN+android.intent.category.LAUNCHER
ADDED from src\main\AndroidManifest.xml:60:13-64:29
action#android.intent.action.MAIN
ADDED from src\main\AndroidManifest.xml:61:17-69
	android:name
		ADDED from src\main\AndroidManifest.xml:61:25-66
category#android.intent.category.LAUNCHER
ADDED from src\main\AndroidManifest.xml:63:17-77
	android:name
		ADDED from src\main\AndroidManifest.xml:63:27-74
activity#com.mydimoda.NotificationClickActivity
ADDED from src\main\AndroidManifest.xml:66:9-70:62
	android:excludeFromRecents
		ADDED from src\main\AndroidManifest.xml:69:13-46
	android:configChanges
		ADDED from src\main\AndroidManifest.xml:68:13-97
	android:theme
		ADDED from src\main\AndroidManifest.xml:70:13-59
	android:name
		ADDED from src\main\AndroidManifest.xml:67:13-66
activity#com.mydimoda.DMLoginActivity
ADDED from src\main\AndroidManifest.xml:71:9-76:20
	android:screenOrientation
		ADDED from src\main\AndroidManifest.xml:74:13-49
	android:label
		ADDED from src\main\AndroidManifest.xml:73:13-45
	android:theme
		ADDED from src\main\AndroidManifest.xml:75:13-60
	android:name
		ADDED from src\main\AndroidManifest.xml:72:13-56
activity#com.mydimoda.DMNotificationActivity
ADDED from src\main\AndroidManifest.xml:77:9-82:20
	android:screenOrientation
		ADDED from src\main\AndroidManifest.xml:80:13-49
	android:label
		ADDED from src\main\AndroidManifest.xml:79:13-45
	android:theme
		ADDED from src\main\AndroidManifest.xml:81:13-60
	android:name
		ADDED from src\main\AndroidManifest.xml:78:13-63
activity#com.mydimoda.Activity_RateApp
ADDED from src\main\AndroidManifest.xml:83:9-88:20
	android:screenOrientation
		ADDED from src\main\AndroidManifest.xml:86:13-49
	android:label
		ADDED from src\main\AndroidManifest.xml:85:13-45
	android:theme
		ADDED from src\main\AndroidManifest.xml:87:13-60
	android:name
		ADDED from src\main\AndroidManifest.xml:84:13-57
activity#com.mydimoda.DMHomeActivity
ADDED from src\main\AndroidManifest.xml:89:9-94:20
	android:screenOrientation
		ADDED from src\main\AndroidManifest.xml:92:13-49
	android:label
		ADDED from src\main\AndroidManifest.xml:91:13-45
	android:theme
		ADDED from src\main\AndroidManifest.xml:93:13-60
	android:name
		ADDED from src\main\AndroidManifest.xml:90:13-55
activity#com.mydimoda.DMMyLookActivity
ADDED from src\main\AndroidManifest.xml:95:9-100:20
	android:screenOrientation
		ADDED from src\main\AndroidManifest.xml:98:13-49
	android:label
		ADDED from src\main\AndroidManifest.xml:97:13-45
	android:theme
		ADDED from src\main\AndroidManifest.xml:99:13-60
	android:name
		ADDED from src\main\AndroidManifest.xml:96:13-57
activity#com.mydimoda.DMAlgorithmActivity
ADDED from src\main\AndroidManifest.xml:101:9-106:20
	android:screenOrientation
		ADDED from src\main\AndroidManifest.xml:104:13-49
	android:label
		ADDED from src\main\AndroidManifest.xml:103:13-45
	android:theme
		ADDED from src\main\AndroidManifest.xml:105:13-60
	android:name
		ADDED from src\main\AndroidManifest.xml:102:13-60
activity#com.mydimoda.DMAlgorithmActivity_8hour
ADDED from src\main\AndroidManifest.xml:107:9-112:20
	android:screenOrientation
		ADDED from src\main\AndroidManifest.xml:110:13-49
	android:label
		ADDED from src\main\AndroidManifest.xml:109:13-45
	android:theme
		ADDED from src\main\AndroidManifest.xml:111:13-60
	android:name
		ADDED from src\main\AndroidManifest.xml:108:13-66
activity#com.mydimoda.DMFashionActivity
ADDED from src\main\AndroidManifest.xml:113:9-118:20
	android:screenOrientation
		ADDED from src\main\AndroidManifest.xml:116:13-49
	android:label
		ADDED from src\main\AndroidManifest.xml:115:13-45
	android:theme
		ADDED from src\main\AndroidManifest.xml:117:13-49
	android:name
		ADDED from src\main\AndroidManifest.xml:114:13-58
activity#com.mydimoda.DMFashionActivity_7Hour
ADDED from src\main\AndroidManifest.xml:119:9-124:20
	android:screenOrientation
		ADDED from src\main\AndroidManifest.xml:122:13-49
	android:label
		ADDED from src\main\AndroidManifest.xml:121:13-45
	android:theme
		ADDED from src\main\AndroidManifest.xml:123:13-60
	android:name
		ADDED from src\main\AndroidManifest.xml:120:13-64
activity#com.mydimoda.DMHangUpActivity
ADDED from src\main\AndroidManifest.xml:125:9-130:20
	android:screenOrientation
		ADDED from src\main\AndroidManifest.xml:128:13-49
	android:label
		ADDED from src\main\AndroidManifest.xml:127:13-45
	android:theme
		ADDED from src\main\AndroidManifest.xml:129:13-60
	android:name
		ADDED from src\main\AndroidManifest.xml:126:13-57
activity#com.mydimoda.DMCaptureActivity
ADDED from src\main\AndroidManifest.xml:131:9-136:20
	android:screenOrientation
		ADDED from src\main\AndroidManifest.xml:134:13-49
	android:label
		ADDED from src\main\AndroidManifest.xml:133:13-45
	android:theme
		ADDED from src\main\AndroidManifest.xml:135:13-49
	android:name
		ADDED from src\main\AndroidManifest.xml:132:13-58
activity#com.mydimoda.DMCropImageListActivity
ADDED from src\main\AndroidManifest.xml:137:9-142:20
	android:screenOrientation
		ADDED from src\main\AndroidManifest.xml:140:13-49
	android:label
		ADDED from src\main\AndroidManifest.xml:139:13-45
	android:theme
		ADDED from src\main\AndroidManifest.xml:141:13-49
	android:name
		ADDED from src\main\AndroidManifest.xml:138:13-64
activity#com.mydimoda.DMSignUpActivity
ADDED from src\main\AndroidManifest.xml:143:9-148:20
	android:screenOrientation
		ADDED from src\main\AndroidManifest.xml:146:13-49
	android:label
		ADDED from src\main\AndroidManifest.xml:145:13-45
	android:theme
		ADDED from src\main\AndroidManifest.xml:147:13-60
	android:name
		ADDED from src\main\AndroidManifest.xml:144:13-57
activity#com.mydimoda.DMStyleActivity
ADDED from src\main\AndroidManifest.xml:149:9-154:20
	android:screenOrientation
		ADDED from src\main\AndroidManifest.xml:152:13-49
	android:label
		ADDED from src\main\AndroidManifest.xml:151:13-45
	android:theme
		ADDED from src\main\AndroidManifest.xml:153:13-60
	android:name
		ADDED from src\main\AndroidManifest.xml:150:13-56
activity#com.mydimoda.DMFavoriteActivity
ADDED from src\main\AndroidManifest.xml:155:9-160:20
	android:screenOrientation
		ADDED from src\main\AndroidManifest.xml:158:13-49
	android:label
		ADDED from src\main\AndroidManifest.xml:157:13-45
	android:theme
		ADDED from src\main\AndroidManifest.xml:159:13-60
	android:name
		ADDED from src\main\AndroidManifest.xml:156:13-59
activity#com.mydimoda.DMHelpActivity
ADDED from src\main\AndroidManifest.xml:161:9-166:20
	android:screenOrientation
		ADDED from src\main\AndroidManifest.xml:164:13-49
	android:label
		ADDED from src\main\AndroidManifest.xml:163:13-45
	android:theme
		ADDED from src\main\AndroidManifest.xml:165:13-60
	android:name
		ADDED from src\main\AndroidManifest.xml:162:13-55
activity#com.mydimoda.DMProcessActivity
ADDED from src\main\AndroidManifest.xml:167:9-172:20
	android:screenOrientation
		ADDED from src\main\AndroidManifest.xml:170:13-49
	android:label
		ADDED from src\main\AndroidManifest.xml:169:13-45
	android:theme
		ADDED from src\main\AndroidManifest.xml:171:13-60
	android:name
		ADDED from src\main\AndroidManifest.xml:168:13-58
activity#com.mydimoda.DMFindMeActivity
ADDED from src\main\AndroidManifest.xml:173:9-178:20
	android:screenOrientation
		ADDED from src\main\AndroidManifest.xml:176:13-49
	android:label
		ADDED from src\main\AndroidManifest.xml:175:13-45
	android:theme
		ADDED from src\main\AndroidManifest.xml:177:13-60
	android:name
		ADDED from src\main\AndroidManifest.xml:174:13-57
activity#com.mydimoda.DMAutoActivity
ADDED from src\main\AndroidManifest.xml:179:9-184:20
	android:screenOrientation
		ADDED from src\main\AndroidManifest.xml:182:13-49
	android:label
		ADDED from src\main\AndroidManifest.xml:181:13-45
	android:theme
		ADDED from src\main\AndroidManifest.xml:183:13-60
	android:name
		ADDED from src\main\AndroidManifest.xml:180:13-55
activity#com.mydimoda.DMExactActivity
ADDED from src\main\AndroidManifest.xml:185:9-190:20
	android:screenOrientation
		ADDED from src\main\AndroidManifest.xml:188:13-49
	android:label
		ADDED from src\main\AndroidManifest.xml:187:13-45
	android:theme
		ADDED from src\main\AndroidManifest.xml:189:13-60
	android:name
		ADDED from src\main\AndroidManifest.xml:186:13-56
activity#com.mydimoda.DMOrganizeActivity
ADDED from src\main\AndroidManifest.xml:191:9-196:20
	android:screenOrientation
		ADDED from src\main\AndroidManifest.xml:194:13-49
	android:label
		ADDED from src\main\AndroidManifest.xml:193:13-45
	android:theme
		ADDED from src\main\AndroidManifest.xml:195:13-60
	android:name
		ADDED from src\main\AndroidManifest.xml:192:13-59
activity#com.mydimoda.DMDeleteActivity
ADDED from src\main\AndroidManifest.xml:197:9-202:20
	android:screenOrientation
		ADDED from src\main\AndroidManifest.xml:200:13-49
	android:label
		ADDED from src\main\AndroidManifest.xml:199:13-45
	android:theme
		ADDED from src\main\AndroidManifest.xml:201:13-60
	android:name
		ADDED from src\main\AndroidManifest.xml:198:13-57
activity#com.mydimoda.DMResetPasswordActivity
ADDED from src\main\AndroidManifest.xml:203:9-208:20
	android:screenOrientation
		ADDED from src\main\AndroidManifest.xml:206:13-49
	android:label
		ADDED from src\main\AndroidManifest.xml:205:13-45
	android:theme
		ADDED from src\main\AndroidManifest.xml:207:13-60
	android:name
		ADDED from src\main\AndroidManifest.xml:204:13-64
activity#com.mydimoda.camera.CameraActivity
ADDED from src\main\AndroidManifest.xml:209:9-214:20
	android:screenOrientation
		ADDED from src\main\AndroidManifest.xml:212:13-49
	android:label
		ADDED from src\main\AndroidManifest.xml:211:13-45
	android:theme
		ADDED from src\main\AndroidManifest.xml:213:13-60
	android:name
		ADDED from src\main\AndroidManifest.xml:210:13-62
activity#com.mydimoda.camera.CropActivity
ADDED from src\main\AndroidManifest.xml:215:9-220:20
	android:screenOrientation
		ADDED from src\main\AndroidManifest.xml:218:13-49
	android:label
		ADDED from src\main\AndroidManifest.xml:217:13-45
	android:theme
		ADDED from src\main\AndroidManifest.xml:219:13-60
	android:name
		ADDED from src\main\AndroidManifest.xml:216:13-60
activity#com.mydimoda.DMSettingActivity
ADDED from src\main\AndroidManifest.xml:221:9-226:20
	android:screenOrientation
		ADDED from src\main\AndroidManifest.xml:224:13-49
	android:label
		ADDED from src\main\AndroidManifest.xml:223:13-45
	android:theme
		ADDED from src\main\AndroidManifest.xml:225:13-49
	android:name
		ADDED from src\main\AndroidManifest.xml:222:13-58
activity#com.mydimoda.DMDetailActivity
ADDED from src\main\AndroidManifest.xml:227:9-232:20
	android:screenOrientation
		ADDED from src\main\AndroidManifest.xml:230:13-49
	android:label
		ADDED from src\main\AndroidManifest.xml:229:13-45
	android:theme
		ADDED from src\main\AndroidManifest.xml:231:13-60
	android:name
		ADDED from src\main\AndroidManifest.xml:228:13-57
activity#com.mydimoda.DMIntroActivity
ADDED from src\main\AndroidManifest.xml:233:9-238:20
	android:screenOrientation
		ADDED from src\main\AndroidManifest.xml:236:13-49
	android:label
		ADDED from src\main\AndroidManifest.xml:235:13-45
	android:theme
		ADDED from src\main\AndroidManifest.xml:237:13-60
	android:name
		ADDED from src\main\AndroidManifest.xml:234:13-56
activity#com.mydimoda.DMCaptureOptionActivity
ADDED from src\main\AndroidManifest.xml:245:9-250:20
	android:screenOrientation
		ADDED from src\main\AndroidManifest.xml:248:13-49
	android:label
		ADDED from src\main\AndroidManifest.xml:247:13-45
	android:theme
		ADDED from src\main\AndroidManifest.xml:249:13-60
	android:name
		ADDED from src\main\AndroidManifest.xml:246:13-64
activity#com.mydimoda.MainActivity
ADDED from src\main\AndroidManifest.xml:251:9-256:20
	android:screenOrientation
		ADDED from src\main\AndroidManifest.xml:253:13-49
	android:windowSoftInputMode
		ADDED from src\main\AndroidManifest.xml:255:13-64
	android:theme
		ADDED from src\main\AndroidManifest.xml:254:13-83
	android:name
		ADDED from src\main\AndroidManifest.xml:252:13-53
activity#com.facebook.FacebookActivity
ADDED from src\main\AndroidManifest.xml:257:9-261:74
	android:label
		ADDED from src\main\AndroidManifest.xml:260:13-45
	android:configChanges
		ADDED from src\main\AndroidManifest.xml:259:13-96
	android:theme
		ADDED from src\main\AndroidManifest.xml:261:13-72
	android:name
		ADDED from src\main\AndroidManifest.xml:258:13-57
meta-data#com.facebook.sdk.ApplicationId
ADDED from src\main\AndroidManifest.xml:262:9-264:55
	android:value
		ADDED from src\main\AndroidManifest.xml:264:13-52
	android:name
		ADDED from src\main\AndroidManifest.xml:263:13-58
meta-data#io.fabric.ApiKey
ADDED from src\main\AndroidManifest.xml:265:9-267:72
	android:value
		ADDED from src\main\AndroidManifest.xml:267:13-69
	android:name
		ADDED from src\main\AndroidManifest.xml:266:13-44
provider#com.facebook.FacebookContentProvider
ADDED from src\main\AndroidManifest.xml:269:9-271:38
	android:authorities
		ADDED from src\main\AndroidManifest.xml:269:19-96
	android:exported
		ADDED from src\main\AndroidManifest.xml:271:13-36
	android:name
		ADDED from src\main\AndroidManifest.xml:270:13-64